[0.044s] Invoking command in '/home/vishu/ros_hw_ws/build/diffdrive_pi_arduino': CMAKE_PREFIX_PATH=/home/vishu/ros_hw_ws/install/serial:/home/vishu/ros_hw_ws/install/diffdrive_arduino:/home/vishu/ros_hw_ws/install/fl_robot_py:/home/vishu/ros_hw_ws/install/convert_cmd_vel:/opt/ros/humble /usr/bin/cmake --build /home/vishu/ros_hw_ws/build/diffdrive_pi_arduino -- -j8 -l8
[0.075s] [35m[1mConsolidate compiler generated dependencies of target diffdrive_pi_arduino[0m
[0.085s] [ 42%] Built target fake_robot
[0.089s] [ 57%] [32mBuilding CXX object CMakeFiles/diffdrive_pi_arduino.dir/src/arduino_pi_comms.cpp.o[0m
[1.525s] [01m[K/home/vishu/ros_hw_ws/src/diffdrive_pi_arduino/src/arduino_pi_comms.cpp:[m[K In member function â€˜[01m[Kvoid ArduinoComms::setup(const string&, int32_t, int32_t)[m[Kâ€™:
[1.526s] [01m[K/home/vishu/ros_hw_ws/src/diffdrive_pi_arduino/src/arduino_pi_comms.cpp:12:68:[m[K [01;35m[Kwarning: [m[Kunused parameter â€˜[01m[Kbaud_rate[m[Kâ€™ [[01;35m[K]8;;https://gcc.gnu.org/onlinedocs/gcc/Warning-Options.html#index-Wunused-parameter-Wunused-parameter]8;;[m[K]
[1.526s]    12 | duinoComms::setup(const std::string &serial_device, [01;35m[Kint32_t baud_rate[m[K, int32_t timeout_ms)
[1.526s]       |                                                     [01;35m[K~~~~~~~~^~~~~~~~~[m[K
[1.526s] 
[1.526s] [01m[K/home/vishu/ros_hw_ws/src/diffdrive_pi_arduino/src/arduino_pi_comms.cpp:12:87:[m[K [01;35m[Kwarning: [m[Kunused parameter â€˜[01m[Ktimeout_ms[m[Kâ€™ [[01;35m[K]8;;https://gcc.gnu.org/onlinedocs/gcc/Warning-Options.html#index-Wunused-parameter-Wunused-parameter]8;;[m[K]
[1.526s]    12 | onst std::string &serial_device, int32_t baud_rate, [01;35m[Kint32_t timeout_ms[m[K)
[1.526s]       |                                                     [01;35m[K~~~~~~~~^~~~~~~~~~[m[K
[1.526s] 
[1.531s] [01m[K/home/vishu/ros_hw_ws/src/diffdrive_pi_arduino/src/arduino_pi_comms.cpp:[m[K In member function â€˜[01m[Kstd::string ArduinoComms::sendMsg(const string&, bool)[m[Kâ€™:
[1.532s] [01m[K/home/vishu/ros_hw_ws/src/diffdrive_pi_arduino/src/arduino_pi_comms.cpp:71:39:[m[K [01;31m[Kerror: [m[Kâ€˜[01m[Kmessage[m[Kâ€™ was not declared in this scope
[1.532s]    71 |         printf("messge to send <%s>", [01;31m[Kmessage[m[K.c_str());
[1.532s]       |                                       [01;31m[K^~~~~~~[m[K
[1.536s] [01m[K/home/vishu/ros_hw_ws/src/diffdrive_pi_arduino/src/arduino_pi_comms.cpp:73:24:[m[K [01;31m[Kerror: [m[Kâ€˜[01m[Kmessage[m[Kâ€™ was not declared in this scope
[1.536s]    73 |     send(socket_desc , [01;31m[Kmessage[m[K.c_str() ,  message.length() , 0);
[1.536s]       |                        [01;31m[K^~~~~~~[m[K
[1.536s] [01m[K/home/vishu/ros_hw_ws/src/diffdrive_pi_arduino/src/arduino_pi_comms.cpp:67:54:[m[K [01;35m[Kwarning: [m[Kunused parameter â€˜[01m[Kmsg_to_send[m[Kâ€™ [[01;35m[K]8;;https://gcc.gnu.org/onlinedocs/gcc/Warning-Options.html#index-Wunused-parameter-Wunused-parameter]8;;[m[K]
[1.537s]    67 | std::string ArduinoComms::sendMsg([01;35m[Kconst std::string &msg_to_send[m[K, bool print_output)
[1.537s]       |                                   [01;35m[K~~~~~~~~~~~~~~~~~~~^~~~~~~~~~~[m[K
[1.821s] gmake[2]: *** [CMakeFiles/diffdrive_pi_arduino.dir/build.make:104: CMakeFiles/diffdrive_pi_arduino.dir/src/arduino_pi_comms.cpp.o] Error 1
[1.821s] gmake[1]: *** [CMakeFiles/Makefile2:139: CMakeFiles/diffdrive_pi_arduino.dir/all] Error 2
[1.821s] gmake: *** [Makefile:146: all] Error 2
[1.823s] Invoked command in '/home/vishu/ros_hw_ws/build/diffdrive_pi_arduino' returned '2': CMAKE_PREFIX_PATH=/home/vishu/ros_hw_ws/install/serial:/home/vishu/ros_hw_ws/install/diffdrive_arduino:/home/vishu/ros_hw_ws/install/fl_robot_py:/home/vishu/ros_hw_ws/install/convert_cmd_vel:/opt/ros/humble /usr/bin/cmake --build /home/vishu/ros_hw_ws/build/diffdrive_pi_arduino -- -j8 -l8
