[0.044s] Invoking command in '/home/vishu/ros_hw_ws/build/diffdrive_pi_arduino': CMAKE_PREFIX_PATH=/home/vishu/ros_hw_ws/install/serial:/home/vishu/ros_hw_ws/install/diffdrive_pi_arduino:/home/vishu/ros_hw_ws/install/diffdrive_arduino:/home/vishu/ros_hw_ws/install/fl_robot_py:/home/vishu/ros_hw_ws/install/convert_cmd_vel:/opt/ros/humble /usr/bin/cmake --build /home/vishu/ros_hw_ws/build/diffdrive_pi_arduino -- -j8 -l8
[0.086s] [35m[1mConsolidate compiler generated dependencies of target diffdrive_pi_arduino[0m
[0.094s] [ 42%] Built target fake_robot
[0.099s] [ 57%] [32mBuilding CXX object CMakeFiles/diffdrive_pi_arduino.dir/src/arduino_pi_comms.cpp.o[0m
[1.544s] [01m[K/home/vishu/ros_hw_ws/src/diffdrive_pi_arduino/src/arduino_pi_comms.cpp:[m[K In member function â€˜[01m[Kvoid ArduinoComms::setup(const string&)[m[Kâ€™:
[1.544s] [01m[K/home/vishu/ros_hw_ws/src/diffdrive_pi_arduino/src/arduino_pi_comms.cpp:27:55:[m[K [01;31m[Kerror: [m[Kexpected â€˜[01m[K)[m[Kâ€™ before â€˜[01m[K;[m[Kâ€™ token
[1.544s]    27 |                 showMsg[34m[K([m[K("ERROR connect error $$$$$$")[01;31m[K;[m[K
[1.544s]       |                        [34m[K~[m[K                              [01;31m[K^[m[K
[1.544s]       |                                                       [32m[K)[m[K
[1.547s] [01m[K/home/vishu/ros_hw_ws/src/diffdrive_pi_arduino/src/arduino_pi_comms.cpp:31:9:[m[K [01;31m[Kerror: [m[Kâ€˜[01m[KshowMs[m[Kâ€™ was not declared in this scope; did you mean â€˜[01m[KshowMsg[m[Kâ€™?
[1.547s]    31 |         [01;31m[KshowMs[m[K("$$$$$$$\n$$$$$$$$$$$$$\n$$$$$$$$$$$$$$$$$\n Connected $$$$$$$");
[1.547s]       |         [01;31m[K^~~~~~[m[K
[1.547s]       |         [32m[KshowMsg[m[K
[1.832s] gmake[2]: *** [CMakeFiles/diffdrive_pi_arduino.dir/build.make:104: CMakeFiles/diffdrive_pi_arduino.dir/src/arduino_pi_comms.cpp.o] Error 1
[1.833s] gmake[1]: *** [CMakeFiles/Makefile2:139: CMakeFiles/diffdrive_pi_arduino.dir/all] Error 2
[1.833s] gmake: *** [Makefile:146: all] Error 2
[1.835s] Invoked command in '/home/vishu/ros_hw_ws/build/diffdrive_pi_arduino' returned '2': CMAKE_PREFIX_PATH=/home/vishu/ros_hw_ws/install/serial:/home/vishu/ros_hw_ws/install/diffdrive_pi_arduino:/home/vishu/ros_hw_ws/install/diffdrive_arduino:/home/vishu/ros_hw_ws/install/fl_robot_py:/home/vishu/ros_hw_ws/install/convert_cmd_vel:/opt/ros/humble /usr/bin/cmake --build /home/vishu/ros_hw_ws/build/diffdrive_pi_arduino -- -j8 -l8
