[ 42%] [32mBuilding CXX object CMakeFiles/diffdrive_pi_arduino.dir/src/arduino_pi_comms.cpp.o[0m
[ 42%] [32mBuilding CXX object CMakeFiles/diffdrive_pi_arduino.dir/src/diffdrive_pi_arduino.cpp.o[0m
[ 71%] Built target fake_robot
[01m[K/home/vishu/ros_hw_ws/src/diffdrive_pi_arduino/src/arduino_pi_comms.cpp:39:16:[m[K [01;35m[Kwarning: [m[Kmissing terminating " character
   39 |         printf([01;35m[K"[m[K$$$$$$                                      $$$$$$);
      |                [01;35m[K^[m[K
[01m[K/home/vishu/ros_hw_ws/src/diffdrive_pi_arduino/src/arduino_pi_comms.cpp:39:16:[m[K [01;31m[Kerror: [m[Kmissing terminating " character
   39 |         printf([01;31m[K"$$$$$$                                      $$$$$$);[m[K
      |                [01;31m[K^~~~~~~~~~~~~~~~~~~~~~~~~~~~~~~~~~~~~~~~~~~~~~~~~~~~~[m[K
[01m[K/home/vishu/ros_hw_ws/src/diffdrive_pi_arduino/src/arduino_pi_comms.cpp:42:16:[m[K [01;35m[Kwarning: [m[Kmissing terminating " character
   42 |         printf([01;35m[K"[m[K$$$$$$                                      $$$$$$);
      |                [01;35m[K^[m[K
[01m[K/home/vishu/ros_hw_ws/src/diffdrive_pi_arduino/src/arduino_pi_comms.cpp:42:16:[m[K [01;31m[Kerror: [m[Kmissing terminating " character
   42 |         printf([01;31m[K"$$$$$$                                      $$$$$$);[m[K
      |                [01;31m[K^~~~~~~~~~~~~~~~~~~~~~~~~~~~~~~~~~~~~~~~~~~~~~~~~~~~~[m[K
[01m[K/home/vishu/ros_hw_ws/src/diffdrive_pi_arduino/src/arduino_pi_comms.cpp:[m[K In member function â€˜[01m[Kvoid ArduinoComms::setup(const string&)[m[Kâ€™:
[01m[K/home/vishu/ros_hw_ws/src/diffdrive_pi_arduino/src/arduino_pi_comms.cpp:27:55:[m[K [01;31m[Kerror: [m[Kexpected â€˜[01m[K)[m[Kâ€™ before â€˜[01m[K;[m[Kâ€™ token
   27 |                 showMsg[34m[K([m[K("ERROR connect error $$$$$$")[01;31m[K;[m[K
      |                        [34m[K~[m[K                              [01;31m[K^[m[K
      |                                                       [32m[K)[m[K
[01m[K/home/vishu/ros_hw_ws/src/diffdrive_pi_arduino/src/arduino_pi_comms.cpp:31:9:[m[K [01;31m[Kerror: [m[Kâ€˜[01m[KshowMs[m[Kâ€™ was not declared in this scope; did you mean â€˜[01m[KshowMsg[m[Kâ€™?
   31 |         [01;31m[KshowMs[m[K("$$$$$$$\n$$$$$$$$$$$$$\n$$$$$$$$$$$$$$$$$\n Connected $$$$$$$");
      |         [01;31m[K^~~~~~[m[K
      |         [32m[KshowMsg[m[K
[01m[K/home/vishu/ros_hw_ws/src/diffdrive_pi_arduino/src/arduino_pi_comms.cpp:[m[K In member function â€˜[01m[Kvoid ArduinoComms::showMsg(const string&)[m[Kâ€™:
[01m[K/home/vishu/ros_hw_ws/src/diffdrive_pi_arduino/src/arduino_pi_comms.cpp:38:10:[m[K [01;31m[Kerror: [m[Kâ€˜[01m[Kn[m[Kâ€™ was not declared in this scope; did you mean â€˜[01m[Kyn[m[Kâ€™?
   38 |     for ([01;31m[Kn[m[K = 1; n < 3; n++)
      |          [01;31m[K^[m[K
      |          [32m[Kyn[m[K
[01m[K/home/vishu/ros_hw_ws/src/diffdrive_pi_arduino/src/arduino_pi_comms.cpp:40:24:[m[K [01;35m[Kwarning: [m[Kformat â€˜[01m[K%s[m[Kâ€™ expects argument of type â€˜[01m[Kchar*[m[Kâ€™, but argument 2 has type â€˜[01m[Kconst string[m[Kâ€™ {aka â€˜[01m[Kconst std::__cxx11::basic_string<char>[m[Kâ€™} [[01;35m[K]8;;https://gcc.gnu.org/onlinedocs/gcc/Warning-Options.html#index-Wformat=-Wformat=]8;;[m[K]
   40 |     printf(" MESSAGE  [01;35m[K%s[m[K", msg);
      |                       [01;35m[K~^[m[K
      |                        [01;35m[K|[m[K
      |                        [01;35m[Kchar*[m[K
[01m[K/home/vishu/ros_hw_ws/src/diffdrive_pi_arduino/src/arduino_pi_comms.cpp:40:32:[m[K [01;31m[Kerror: [m[Kexpected â€˜[01m[K)[m[Kâ€™ before â€˜[01m[K;[m[Kâ€™ token
   40 |     printf(" MESSAGE  %s", msg)[01;31m[K;[m[K
      |                                [01;31m[K^[m[K
      |                                [32m[K)[m[K
[01m[K/home/vishu/ros_hw_ws/src/diffdrive_pi_arduino/src/arduino_pi_comms.cpp:39:15:[m[K [01;36m[Knote: [m[Kto match this â€˜[01m[K([m[Kâ€™
   39 |         printf[01;36m[K([m[K"$$$$$$                                      $$$$$$);
      |               [01;36m[K^[m[K
[01m[K/home/vishu/ros_hw_ws/src/diffdrive_pi_arduino/src/arduino_pi_comms.cpp:41:10:[m[K [01;31m[Kerror: [m[Kâ€˜[01m[Kn[m[Kâ€™ was not declared in this scope; did you mean â€˜[01m[Kyn[m[Kâ€™?
   41 |     for ([01;31m[Kn[m[K = 1; n < 3; n++)
      |          [01;31m[K^[m[K
      |          [32m[Kyn[m[K
[01m[K/home/vishu/ros_hw_ws/src/diffdrive_pi_arduino/src/arduino_pi_comms.cpp:43:1:[m[K [01;31m[Kerror: [m[Kexpected primary-expression before â€˜[01m[K}[m[Kâ€™ token
   43 | [01;31m[K}[m[K
      | [01;31m[K^[m[K
gmake[2]: *** [CMakeFiles/diffdrive_pi_arduino.dir/build.make:104: CMakeFiles/diffdrive_pi_arduino.dir/src/arduino_pi_comms.cpp.o] Error 1
gmake[2]: *** Waiting for unfinished jobs....
gmake[1]: *** [CMakeFiles/Makefile2:139: CMakeFiles/diffdrive_pi_arduino.dir/all] Error 2
gmake: *** [Makefile:146: all] Error 2
