[0.044s] Invoking command in '/home/vishu/ros_hw_ws/build/diffdrive_pi_arduino': CMAKE_PREFIX_PATH=/home/vishu/ros_hw_ws/install/serial:/home/vishu/ros_hw_ws/install/diffdrive_arduino:/home/vishu/ros_hw_ws/install/fl_robot_py:/home/vishu/ros_hw_ws/install/convert_cmd_vel:/opt/ros/humble /usr/bin/cmake --build /home/vishu/ros_hw_ws/build/diffdrive_pi_arduino -- -j8 -l8
[0.082s] [ 14%] [32mBuilding CXX object CMakeFiles/fake_robot.dir/src/fake_robot.cpp.o[0m
[0.082s] [ 28%] [32mBuilding CXX object CMakeFiles/fake_robot.dir/src/wheel.cpp.o[0m
[0.082s] [ 42%] [32mBuilding CXX object CMakeFiles/diffdrive_pi_arduino.dir/src/wheel.cpp.o[0m
[0.084s] [ 57%] [32mBuilding CXX object CMakeFiles/diffdrive_pi_arduino.dir/src/diffdrive_pi_arduino.cpp.o[0m
[0.084s] [ 71%] [32mBuilding CXX object CMakeFiles/diffdrive_pi_arduino.dir/src/arduino_comms.cpp.o[0m
[0.088s] [01m[K/home/vishu/ros_hw_ws/src/diffdrive_pi_arduino/src/wheel.cpp:1:10:[m[K [01;31m[Kfatal error: [m[Kdiffdrive_arduino/wheel.h: No such file or directory
[0.088s]     1 | #include [01;31m[K"diffdrive_arduino/wheel.h"[m[K
[0.088s]       |          [01;31m[K^~~~~~~~~~~~~~~~~~~~~~~~~~~[m[K
[0.088s] compilation terminated.
[0.088s] [01m[K/home/vishu/ros_hw_ws/src/diffdrive_pi_arduino/src/wheel.cpp:1:10:[m[K [01;31m[Kfatal error: [m[Kdiffdrive_arduino/wheel.h: No such file or directory
[0.088s]     1 | #include [01;31m[K"diffdrive_arduino/wheel.h"[m[K
[0.088s]       |          [01;31m[K^~~~~~~~~~~~~~~~~~~~~~~~~~~[m[K
[0.088s] compilation terminated.
[0.088s] [01m[Kcc1plus:[m[K [01;31m[Kfatal error: [m[K/home/vishu/ros_hw_ws/src/diffdrive_pi_arduino/src/arduino_comms.cpp: No such file or directory
[0.088s] compilation terminated.
[0.088s] gmake[2]: *** [CMakeFiles/diffdrive_pi_arduino.dir/build.make:90: CMakeFiles/diffdrive_pi_arduino.dir/src/wheel.cpp.o] Error 1
[0.089s] [01m[K/home/vishu/ros_hw_ws/src/diffdrive_pi_arduino/src/fake_robot.cpp:1:10:[m[K [01;31m[Kfatal error: [m[Kdiffdrive_arduino/fake_robot.h: No such file or directory
[0.089s]     1 | #include [01;31m[K"diffdrive_arduino/fake_robot.h"[m[K
[0.089s]       |          [01;31m[K^~~~~~~~~~~~~~~~~~~~~~~~~~~~~~~~[m[K
[0.089s] gmake[2]: *** Waiting for unfinished jobs....
[0.089s] compilation terminated.
[0.089s] gmake[2]: *** [CMakeFiles/fake_robot.dir/build.make:90: CMakeFiles/fake_robot.dir/src/wheel.cpp.o] Error 1
[0.089s] gmake[2]: *** Waiting for unfinished jobs....
[0.089s] gmake[2]: *** [CMakeFiles/diffdrive_pi_arduino.dir/build.make:104: CMakeFiles/diffdrive_pi_arduino.dir/src/arduino_comms.cpp.o] Error 1
[0.089s] gmake[2]: *** [CMakeFiles/fake_robot.dir/build.make:76: CMakeFiles/fake_robot.dir/src/fake_robot.cpp.o] Error 1
[0.089s] gmake[1]: *** [CMakeFiles/Makefile2:165: CMakeFiles/fake_robot.dir/all] Error 2
[0.089s] gmake[1]: *** Waiting for unfinished jobs....
[1.607s] In file included from [01m[K/home/vishu/ros_hw_ws/src/diffdrive_pi_arduino/include/diffdrive_pi_arduino/diffdrive_pi_arduino.h:15[m[K,
[1.607s]                  from [01m[K/home/vishu/ros_hw_ws/src/diffdrive_pi_arduino/src/diffdrive_pi_arduino.cpp:1[m[K:
[1.607s] [01m[K/home/vishu/ros_hw_ws/src/diffdrive_pi_arduino/include/diffdrive_pi_arduino/arduino_pi_comms.h:[m[K In constructor â€˜[01m[KArduinoComms::ArduinoComms(const string&, int32_t, int32_t)[m[Kâ€™:
[1.607s] [01m[K/home/vishu/ros_hw_ws/src/diffdrive_pi_arduino/include/diffdrive_pi_arduino/arduino_pi_comms.h:19:9:[m[K [01;31m[Kerror: [m[Kclass â€˜[01m[KArduinoComms[m[Kâ€™ does not have any field named â€˜[01m[Kserial_conn_[m[Kâ€™
[1.607s]    19 |       : [01;31m[Kserial_conn_[m[K(serial_device, baud_rate, serial::Timeout::simpleTimeout(timeout_ms))
[1.607s]       |         [01;31m[K^~~~~~~~~~~~[m[K
[1.624s] [01m[K/home/vishu/ros_hw_ws/src/diffdrive_pi_arduino/include/diffdrive_pi_arduino/arduino_pi_comms.h:[m[K In member function â€˜[01m[Kbool ArduinoComms::connected() const[m[Kâ€™:
[1.624s] [01m[K/home/vishu/ros_hw_ws/src/diffdrive_pi_arduino/include/diffdrive_pi_arduino/arduino_pi_comms.h:28:35:[m[K [01;31m[Kerror: [m[Kâ€˜[01m[Kserial_conn_[m[Kâ€™ was not declared in this scope
[1.624s]    28 |   bool connected() const { return [01;31m[Kserial_conn_[m[K.isOpen(); }
[1.624s]       |                                   [01;31m[K^~~~~~~~~~~~[m[K
[2.009s] gmake[2]: *** [CMakeFiles/diffdrive_pi_arduino.dir/build.make:76: CMakeFiles/diffdrive_pi_arduino.dir/src/diffdrive_pi_arduino.cpp.o] Error 1
[2.009s] gmake[1]: *** [CMakeFiles/Makefile2:139: CMakeFiles/diffdrive_pi_arduino.dir/all] Error 2
[2.010s] gmake: *** [Makefile:146: all] Error 2
[2.011s] Invoked command in '/home/vishu/ros_hw_ws/build/diffdrive_pi_arduino' returned '2': CMAKE_PREFIX_PATH=/home/vishu/ros_hw_ws/install/serial:/home/vishu/ros_hw_ws/install/diffdrive_arduino:/home/vishu/ros_hw_ws/install/fl_robot_py:/home/vishu/ros_hw_ws/install/convert_cmd_vel:/opt/ros/humble /usr/bin/cmake --build /home/vishu/ros_hw_ws/build/diffdrive_pi_arduino -- -j8 -l8
