[0.044s] Invoking command in '/home/vishu/ros_hw_ws/build/diffdrive_pi_arduino': CMAKE_PREFIX_PATH=/home/vishu/ros_hw_ws/install/serial:/home/vishu/ros_hw_ws/install/diffdrive_pi_arduino:/home/vishu/ros_hw_ws/install/diffdrive_arduino:/home/vishu/ros_hw_ws/install/fl_robot_py:/home/vishu/ros_hw_ws/install/convert_cmd_vel:/opt/ros/humble /usr/bin/cmake --build /home/vishu/ros_hw_ws/build/diffdrive_pi_arduino -- -j8 -l8
[0.074s] [35m[1mConsolidate compiler generated dependencies of target diffdrive_pi_arduino[0m
[0.082s] [ 42%] Built target fake_robot
[0.089s] [ 57%] [32mBuilding CXX object CMakeFiles/diffdrive_pi_arduino.dir/src/arduino_pi_comms.cpp.o[0m
[1.538s] [01m[K/home/vishu/ros_hw_ws/src/diffdrive_pi_arduino/src/arduino_pi_comms.cpp:[m[K In member function â€˜[01m[Kvoid ArduinoComms::setup(const string&)[m[Kâ€™:
[1.538s] [01m[K/home/vishu/ros_hw_ws/src/diffdrive_pi_arduino/src/arduino_pi_comms.cpp:27:55:[m[K [01;31m[Kerror: [m[Kexpected â€˜[01m[K)[m[Kâ€™ before â€˜[01m[K;[m[Kâ€™ token
[1.538s]    27 |                 showMsg[34m[K([m[K("ERROR connect error $$$$$$")[01;31m[K;[m[K
[1.538s]       |                        [34m[K~[m[K                              [01;31m[K^[m[K
[1.538s]       |                                                       [32m[K)[m[K
[1.542s] [01m[K/home/vishu/ros_hw_ws/src/diffdrive_pi_arduino/src/arduino_pi_comms.cpp:31:9:[m[K [01;31m[Kerror: [m[Kâ€˜[01m[KshowMs[m[Kâ€™ was not declared in this scope; did you mean â€˜[01m[KshowMsg[m[Kâ€™?
[1.542s]    31 |         [01;31m[KshowMs[m[K("$$$$$$$\n$$$$$$$$$$$$$\n$$$$$$$$$$$$$$$$$\n Connected $$$$$$$");
[1.542s]       |         [01;31m[K^~~~~~[m[K
[1.542s]       |         [32m[KshowMsg[m[K
[1.542s] [01m[K/home/vishu/ros_hw_ws/src/diffdrive_pi_arduino/src/arduino_pi_comms.cpp:[m[K In member function â€˜[01m[Kvoid ArduinoComms::showMsg(const string&)[m[Kâ€™:
[1.542s] [01m[K/home/vishu/ros_hw_ws/src/diffdrive_pi_arduino/src/arduino_pi_comms.cpp:40:24:[m[K [01;35m[Kwarning: [m[Kformat â€˜[01m[K%s[m[Kâ€™ expects argument of type â€˜[01m[Kchar*[m[Kâ€™, but argument 2 has type â€˜[01m[Kconst string[m[Kâ€™ {aka â€˜[01m[Kconst std::__cxx11::basic_string<char>[m[Kâ€™} [[01;35m[K]8;;https://gcc.gnu.org/onlinedocs/gcc/Warning-Options.html#index-Wformat=-Wformat=]8;;[m[K]
[1.542s]    40 |     printf(" MESSAGE  [01;35m[K%s[m[K", msg);
[1.542s]       |                       [01;35m[K~^[m[K
[1.542s]       |                        [01;35m[K|[m[K
[1.542s]       |                        [01;35m[Kchar*[m[K
[1.545s] [01m[K/home/vishu/ros_hw_ws/src/diffdrive_pi_arduino/src/arduino_pi_comms.cpp:41:10:[m[K [01;31m[Kerror: [m[Kâ€˜[01m[Kn[m[Kâ€™ was not declared in this scope; did you mean â€˜[01m[Kyn[m[Kâ€™?
[1.545s]    41 |     for ([01;31m[Kn[m[K = 1; n < 3; n++)
[1.545s]       |          [01;31m[K^[m[K
[1.545s]       |          [32m[Kyn[m[K
[1.824s] gmake[2]: *** [CMakeFiles/diffdrive_pi_arduino.dir/build.make:104: CMakeFiles/diffdrive_pi_arduino.dir/src/arduino_pi_comms.cpp.o] Error 1
[1.824s] gmake[1]: *** [CMakeFiles/Makefile2:139: CMakeFiles/diffdrive_pi_arduino.dir/all] Error 2
[1.824s] gmake: *** [Makefile:146: all] Error 2
[1.826s] Invoked command in '/home/vishu/ros_hw_ws/build/diffdrive_pi_arduino' returned '2': CMAKE_PREFIX_PATH=/home/vishu/ros_hw_ws/install/serial:/home/vishu/ros_hw_ws/install/diffdrive_pi_arduino:/home/vishu/ros_hw_ws/install/diffdrive_arduino:/home/vishu/ros_hw_ws/install/fl_robot_py:/home/vishu/ros_hw_ws/install/convert_cmd_vel:/opt/ros/humble /usr/bin/cmake --build /home/vishu/ros_hw_ws/build/diffdrive_pi_arduino -- -j8 -l8
