[0.044s] Invoking command in '/home/vishu/ros_hw_ws/build/diffdrive_pi_arduino': CMAKE_PREFIX_PATH=/home/vishu/ros_hw_ws/install/serial:/home/vishu/ros_hw_ws/install/diffdrive_arduino:/home/vishu/ros_hw_ws/install/fl_robot_py:/home/vishu/ros_hw_ws/install/convert_cmd_vel:/opt/ros/humble /usr/bin/cmake --build /home/vishu/ros_hw_ws/build/diffdrive_pi_arduino -- -j8 -l8
[0.085s] -- Found ament_cmake: 1.3.5 (/opt/ros/humble/share/ament_cmake/cmake)
[0.178s] -- Override CMake install command with custom implementation using symlinks instead of copying resources
[0.182s] -- Found serial: 1.2.1 (/home/vishu/ros_hw_ws/install/serial/share/serial/cmake)
[0.183s] -- Found hardware_interface: 2.32.0 (/opt/ros/humble/share/hardware_interface/cmake)
[0.211s] -- Found rosidl_generator_c: 3.1.5 (/opt/ros/humble/share/rosidl_generator_c/cmake)
[0.213s] -- Found rosidl_adapter: 3.1.5 (/opt/ros/humble/share/rosidl_adapter/cmake)
[0.218s] -- Found rosidl_generator_cpp: 3.1.5 (/opt/ros/humble/share/rosidl_generator_cpp/cmake)
[0.227s] -- Using all available rosidl_typesupport_c: rosidl_typesupport_fastrtps_c;rosidl_typesupport_introspection_c
[0.240s] -- Using all available rosidl_typesupport_cpp: rosidl_typesupport_fastrtps_cpp;rosidl_typesupport_introspection_cpp
[0.619s] -- Found rmw_implementation_cmake: 6.1.1 (/opt/ros/humble/share/rmw_implementation_cmake/cmake)
[0.620s] -- Found rmw_fastrtps_cpp: 6.2.4 (/opt/ros/humble/share/rmw_fastrtps_cpp/cmake)
[0.707s] -- Using RMW implementation 'rmw_fastrtps_cpp' as default
[0.802s] -- Found controller_manager: 2.32.0 (/opt/ros/humble/share/controller_manager/cmake)
[1.579s] -- Configuring done
[1.605s] -- Generating done
[1.606s] -- Build files have been written to: /home/vishu/ros_hw_ws/build/diffdrive_pi_arduino
[1.624s] [35m[1mConsolidate compiler generated dependencies of target fake_robot[0m
[1.625s] [35m[1mConsolidate compiler generated dependencies of target diffdrive_pi_arduino[0m
[1.637s] [ 28%] [32mBuilding CXX object CMakeFiles/diffdrive_pi_arduino.dir/src/arduino_pi_comms.cpp.o[0m
[1.637s] [ 57%] Built target fake_robot
[3.037s] [01m[K/home/vishu/ros_hw_ws/src/diffdrive_pi_arduino/src/arduino_pi_comms.cpp:[m[K In member function â€˜[01m[Kvoid ArduinoComms::setup(const string&, int32_t, int32_t)[m[Kâ€™:
[3.037s] [01m[K/home/vishu/ros_hw_ws/src/diffdrive_pi_arduino/src/arduino_pi_comms.cpp:11:28:[m[K [01;31m[Kerror: [m[Kaggregate â€˜[01m[KArduinoComms::setup(const string&, int32_t, int32_t)::sockaddr_in server[m[Kâ€™ has incomplete type and cannot be defined
[3.037s]    11 |         struct sockaddr_in [01;31m[Kserver[m[K;
[3.037s]       |                            [01;31m[K^~~~~~[m[K
[3.041s] [01m[K/home/vishu/ros_hw_ws/src/diffdrive_pi_arduino/src/arduino_pi_comms.cpp:18:34:[m[K [01;31m[Kerror: [m[Kâ€˜[01m[Kinet_addr[m[Kâ€™ was not declared in this scope
[3.041s]    18 |         server.sin_addr.s_addr = [01;31m[Kinet_addr[m[K(serial_device);
[3.041s]       |                                  [01;31m[K^~~~~~~~~[m[K
[3.044s] [01m[K/home/vishu/ros_hw_ws/src/diffdrive_pi_arduino/src/arduino_pi_comms.cpp:20:27:[m[K [01;31m[Kerror: [m[Kâ€˜[01m[Khtons[m[Kâ€™ was not declared in this scope
[3.044s]    20 |         server.sin_port = [01;31m[Khtons[m[K( 8888 );
[3.044s]       |                           [01;31m[K^~~~~[m[K
[3.055s] [01m[K/home/vishu/ros_hw_ws/src/diffdrive_pi_arduino/src/arduino_pi_comms.cpp:9:68:[m[K [01;35m[Kwarning: [m[Kunused parameter â€˜[01m[Kbaud_rate[m[Kâ€™ [[01;35m[K]8;;https://gcc.gnu.org/onlinedocs/gcc/Warning-Options.html#index-Wunused-parameter-Wunused-parameter]8;;[m[K]
[3.055s]     9 | duinoComms::setup(const std::string &serial_device, [01;35m[Kint32_t baud_rate[m[K, int32_t timeout_ms)
[3.055s]       |                                                     [01;35m[K~~~~~~~~^~~~~~~~~[m[K
[3.055s] 
[3.055s] [01m[K/home/vishu/ros_hw_ws/src/diffdrive_pi_arduino/src/arduino_pi_comms.cpp:9:87:[m[K [01;35m[Kwarning: [m[Kunused parameter â€˜[01m[Ktimeout_ms[m[Kâ€™ [[01;35m[K]8;;https://gcc.gnu.org/onlinedocs/gcc/Warning-Options.html#index-Wunused-parameter-Wunused-parameter]8;;[m[K]
[3.055s]     9 | onst std::string &serial_device, int32_t baud_rate, [01;35m[Kint32_t timeout_ms[m[K)
[3.055s]       |                                                     [01;35m[K~~~~~~~~^~~~~~~~~~[m[K
[3.056s] 
[3.060s] [01m[K/home/vishu/ros_hw_ws/src/diffdrive_pi_arduino/src/arduino_pi_comms.cpp:[m[K In member function â€˜[01m[Kstd::string ArduinoComms::sendMsg(const string&, bool)[m[Kâ€™:
[3.060s] [01m[K/home/vishu/ros_hw_ws/src/diffdrive_pi_arduino/src/arduino_pi_comms.cpp:68:39:[m[K [01;31m[Kerror: [m[Kâ€˜[01m[Kmessage[m[Kâ€™ was not declared in this scope
[3.060s]    68 |         printf("messge to send <%s>", [01;31m[Kmessage[m[K.c_str());
[3.060s]       |                                       [01;31m[K^~~~~~~[m[K
[3.064s] [01m[K/home/vishu/ros_hw_ws/src/diffdrive_pi_arduino/src/arduino_pi_comms.cpp:70:24:[m[K [01;31m[Kerror: [m[Kâ€˜[01m[Kmessage[m[Kâ€™ was not declared in this scope
[3.064s]    70 |     send(socket_desc , [01;31m[Kmessage[m[K.c_str() ,  message.length() , 0);
[3.064s]       |                        [01;31m[K^~~~~~~[m[K
[3.064s] [01m[K/home/vishu/ros_hw_ws/src/diffdrive_pi_arduino/src/arduino_pi_comms.cpp:64:54:[m[K [01;35m[Kwarning: [m[Kunused parameter â€˜[01m[Kmsg_to_send[m[Kâ€™ [[01;35m[K]8;;https://gcc.gnu.org/onlinedocs/gcc/Warning-Options.html#index-Wunused-parameter-Wunused-parameter]8;;[m[K]
[3.064s]    64 | std::string ArduinoComms::sendMsg([01;35m[Kconst std::string &msg_to_send[m[K, bool print_output)
[3.064s]       |                                   [01;35m[K~~~~~~~~~~~~~~~~~~~^~~~~~~~~~~[m[K
[3.328s] gmake[2]: *** [CMakeFiles/diffdrive_pi_arduino.dir/build.make:104: CMakeFiles/diffdrive_pi_arduino.dir/src/arduino_pi_comms.cpp.o] Error 1
[3.328s] gmake[1]: *** [CMakeFiles/Makefile2:139: CMakeFiles/diffdrive_pi_arduino.dir/all] Error 2
[3.328s] gmake: *** [Makefile:146: all] Error 2
[3.330s] Invoked command in '/home/vishu/ros_hw_ws/build/diffdrive_pi_arduino' returned '2': CMAKE_PREFIX_PATH=/home/vishu/ros_hw_ws/install/serial:/home/vishu/ros_hw_ws/install/diffdrive_arduino:/home/vishu/ros_hw_ws/install/fl_robot_py:/home/vishu/ros_hw_ws/install/convert_cmd_vel:/opt/ros/humble /usr/bin/cmake --build /home/vishu/ros_hw_ws/build/diffdrive_pi_arduino -- -j8 -l8
